<?xml version="1.0" encoding="UTF-8" ?>

<testsuite failures="0" time="0.1" errors="0" skipped="0" tests="1" name="UniqueCheckTest">
  <testcase classname="UniqueCheckTest" name="testUniqueChecker" time="0.1">
      </testcase>
</testsuite>
