<?xml version="1.0" encoding="UTF-8" ?>

<testsuite failures="0" time="0.022" errors="0" skipped="0" tests="5" name="UpdateOperationsTest">
  <testcase classname="UpdateOperationsTest" name="testUpdateFirst" time="0.012">
      </testcase>
  <testcase classname="UpdateOperationsTest" name="testUpdateAll" time="0.003">
      </testcase>
  <testcase classname="UpdateOperationsTest" name="testUpdateNull" time="0.002">
      </testcase>
  <testcase classname="UpdateOperationsTest" name="testUpdateSet" time="0.002">
      </testcase>
  <testcase classname="UpdateOperationsTest" name="testIncDec" time="0.003">
      </testcase>
</testsuite>
