<?xml version="1.0" encoding="UTF-8" ?>

<testsuite failures="0" time="0.05" errors="0" skipped="0" tests="4" name="ModelEditingTest">
  <testcase classname="ModelEditingTest" name="testSingleRelationWithCustomKey" time="0.035">
      </testcase>
  <testcase classname="ModelEditingTest" name="testSingleRelationWithDefaultKey" time="0.008">
      </testcase>
  <testcase classname="ModelEditingTest" name="testMultipleRelationWithCustomKey" time="0.004">
      </testcase>
  <testcase classname="ModelEditingTest" name="testMultipleRelationWithDefaultKey" time="0.003">
      </testcase>
</testsuite>
