<?xml version="1.0" encoding="UTF-8" ?>

<testsuite failures="0" time="0.368" errors="0" skipped="0" tests="6" name="LifeCycleTest">
  <testcase classname="LifeCycleTest" name="testLifeCycle" time="0.152">
      </testcase>
  <testcase classname="LifeCycleTest" name="testBatchDelete" time="0.008">
      </testcase>
  <testcase classname="LifeCycleTest" name="testExceptionsinLifeCycleMethods" time="0.013">
      </testcase>
  <testcase classname="LifeCycleTest" name="testExceptionsinBatchLifeCycleMethods" time="0.01">
      </testcase>
  <testcase classname="LifeCycleTest" name="testInheritedLifeCycle" time="0.172">
      </testcase>
  <testcase classname="LifeCycleTest" name="testInheritedBatchDelete" time="0.013">
      </testcase>
</testsuite>
