<?xml version="1.0" encoding="UTF-8" ?>

<testsuite failures="0" time="0.632" errors="0" skipped="0" tests="6" name="AggregationTest">
  <testcase classname="AggregationTest" name="testMax" time="0.496">
      </testcase>
  <testcase classname="AggregationTest" name="testMin" time="0.106">
      </testcase>
  <testcase classname="AggregationTest" name="testSum" time="0.009">
      </testcase>
  <testcase classname="AggregationTest" name="testAverage" time="0.009">
      </testcase>
  <testcase classname="AggregationTest" name="testCount" time="0.006">
      </testcase>
  <testcase classname="AggregationTest" name="testInClause" time="0.006">
      </testcase>
</testsuite>
