<?xml version="1.0" encoding="UTF-8" ?>

<testsuite failures="0" time="0.044" errors="0" skipped="0" tests="1" name="AutoTsTest">
  <testcase classname="AutoTsTest" name="testAutoTimestamp" time="0.044">
      </testcase>
</testsuite>
