<?xml version="1.0" encoding="UTF-8" ?>

<testsuite failures="0" time="0.251" errors="0" skipped="0" tests="1" name="CloudTest">
  <testcase classname="CloudTest" name="test" time="0.251">
      </testcase>
</testsuite>
