<?xml version="1.0" encoding="UTF-8" ?>

<testsuite failures="0" time="0.14" errors="0" skipped="0" tests="1" name="UserFunctionalTest">
  <testcase classname="UserFunctionalTest" name="uploadAndGetBlob" time="0.14">
      </testcase>
</testsuite>
